{
  "RSpec": {
    "coverage": {
      "/home/pnc/sites/Story-Wars/spec/features/user_signin_spec.rb": [
        1,
        null,
        1,
        3,
        1,
        2,
        2,
        null,
        null,
        1,
        null,
        1,
        1,
        1,
        null,
        1,
        null,
        null,
        1,
        1,
        1,
        1,
        null,
        1,
        null,
        null,
        null
      ],
      "/home/pnc/sites/Story-Wars/spec/features/user_signing_up_spec.rb": [
        1,
        null,
        1,
        3,
        null,
        1,
        2,
        2,
        null,
        null,
        1,
        null,
        1,
        1,
        1,
        1,
        null,
        1,
        1,
        1,
        null,
        null,
        null,
        1,
        null,
        1,
        1,
        1,
        1,
        null,
        1,
        1,
        1,
        null,
        null
      ],
      "/home/pnc/sites/Story-Wars/app/models/user.rb": [
        1,
        1,
        1,
        1,
        1,
        1,
        1,
        9,
        1,
        1,
        1,
        1,
        1,
        1,
        1,
        8,
        null,
        null,
        1,
        60,
        null,
        null,
        1,
        0,
        null,
        null,
        1,
        null,
        1,
        4,
        null,
        null
      ],
      "/home/pnc/sites/Story-Wars/app/controllers/stories_controller.rb": [
        1,
        null,
        1,
        null,
        null,
        null,
        1,
        null,
        8,
        null,
        null,
        1,
        0,
        null,
        null,
        1,
        0,
        null,
        null,
        null,
        null,
        1,
        null,
        null,
        null,
        1,
        0,
        null,
        null,
        null,
        1,
        null,
        null,
        null,
        null,
        1,
        0,
        null,
        0,
        0,
        0,
        0,
        null,
        0,
        0,
        null,
        null,
        null,
        null,
        null,
        null,
        1,
        0,
        0,
        0,
        0,
        null,
        0,
        0,
        null,
        null,
        null,
        null,
        null,
        null,
        1,
        0,
        0,
        0,
        0,
        null,
        null,
        null,
        1,
        null,
        1,
        0,
        null,
        null,
        null,
        1,
        0,
        null,
        null
      ],
      "/home/pnc/sites/Story-Wars/app/controllers/application_controller.rb": [
        1,
        null,
        null,
        1,
        1,
        null
      ],
      "/home/pnc/sites/Story-Wars/app/models/story.rb": [
        1,
        1,
        1,
        21,
        1,
        1,
        1,
        null,
        1,
        0,
        0,
        0,
        null,
        null,
        null,
        null,
        null,
        null,
        0,
        null,
        null,
        null,
        1,
        8,
        null,
        0,
        0,
        null,
        null,
        null,
        null
      ],
      "/home/pnc/sites/Story-Wars/app/controllers/users_controller.rb": [
        1,
        1,
        null,
        null,
        null,
        1,
        0,
        null,
        null,
        null,
        null,
        1,
        null,
        null,
        null,
        1,
        2,
        null,
        null,
        null,
        1,
        null,
        null,
        null,
        null,
        1,
        2,
        null,
        2,
        1,
        1,
        null,
        null,
        1,
        null,
        null,
        null,
        null,
        null,
        1,
        0,
        0,
        0,
        0,
        null,
        0,
        0,
        null,
        null,
        null,
        null,
        null,
        null,
        1,
        0,
        0,
        0,
        0,
        null,
        null,
        null,
        1,
        null,
        1,
        2,
        null,
        null,
        null,
        1,
        2,
        null,
        null
      ],
      "/home/pnc/sites/Story-Wars/app/models/chapter.rb": [
        1,
        1,
        1,
        1,
        1,
        null
      ],
      "/home/pnc/sites/Story-Wars/app/models/friendship.rb": [
        1,
        1,
        1,
        null
      ],
      "/home/pnc/sites/Story-Wars/app/controllers/sessions_controller.rb": [
        1,
        null,
        1,
        3,
        null,
        null,
        null,
        null,
        null,
        1,
        3,
        3,
        2,
        null,
        2,
        2,
        2,
        2,
        null,
        null,
        1,
        1,
        null,
        null,
        null,
        1,
        1,
        1,
        null,
        null,
        null
      ]
    },
    "timestamp": 1407325669
  }
}
