{
  "RSpec": {
    "coverage": {
      "/home/pnc/sites/Story-Wars/app/models/user.rb": [
        1,
        1,
        1,
        1,
        1,
        1,
        1,
        4,
        1,
        1,
        1,
        1,
        1,
        1,
        1,
        3,
        null,
        null,
        1,
        17,
        null,
        null,
        1,
        0,
        null,
        null,
        1,
        null,
        1,
        2,
        null,
        null
      ],
      "/home/pnc/sites/Story-Wars/app/controllers/stories_controller.rb": [
        1,
        null,
        1,
        null,
        null,
        null,
        1,
        null,
        3,
        null,
        null,
        1,
        0,
        null,
        null,
        1,
        0,
        null,
        null,
        null,
        null,
        1,
        null,
        null,
        null,
        1,
        0,
        null,
        null,
        null,
        1,
        null,
        null,
        null,
        null,
        1,
        0,
        null,
        0,
        0,
        0,
        0,
        null,
        0,
        0,
        null,
        null,
        null,
        null,
        null,
        null,
        1,
        0,
        0,
        0,
        0,
        null,
        0,
        0,
        null,
        null,
        null,
        null,
        null,
        null,
        1,
        0,
        0,
        0,
        0,
        null,
        null,
        null,
        1,
        null,
        1,
        0,
        null,
        null,
        null,
        1,
        0,
        null,
        null
      ],
      "/home/pnc/sites/Story-Wars/app/controllers/application_controller.rb": [
        1,
        null,
        null,
        1,
        1,
        null
      ],
      "/home/pnc/sites/Story-Wars/app/models/story.rb": [
        1,
        1,
        1,
        6,
        1,
        1,
        1,
        null,
        1,
        0,
        0,
        0,
        null,
        null,
        null,
        null,
        null,
        null,
        0,
        null,
        null,
        null,
        1,
        3,
        null,
        0,
        0,
        null,
        null,
        null,
        null
      ],
      "/home/pnc/sites/Story-Wars/app/controllers/sessions_controller.rb": [
        1,
        null,
        1,
        2,
        null,
        null,
        null,
        null,
        null,
        1,
        2,
        2,
        1,
        null,
        1,
        1,
        1,
        1,
        null,
        null,
        1,
        1,
        null,
        null,
        null,
        1,
        0,
        0,
        null,
        null,
        null
      ],
      "/home/pnc/sites/Story-Wars/app/models/chapter.rb": [
        1,
        1,
        1,
        1,
        1,
        null
      ]
    },
    "timestamp": 1407320293
  }
}
